# JRE version: OpenJDK Runtime Environment (21.0.9+10) (build 21.0.9+10-Ubuntu-124.04)
# Java VM: OpenJDK 64-Bit Server VM (21.0.9+10-Ubuntu-124.04, mixed mode, sharing, tiered, compressed oops, compressed class ptrs, parallel gc, linux-amd64)
GC Precious Log:
 CardTable entry size: 512
 CPUs: 4 total, 4 available
 Memory: 11960M
 Large Page Support: Disabled
 NUMA Support: Disabled
 Compressed Oops: Enabled (32-bit)
 Alignments: Space 512K, Generation 512K, Heap 2M
 Heap Min Capacity: 100M
 Heap Initial Capacity: 100M
 Heap Max Capacity: 2G
 Pre-touch: Disabled
 Parallel Workers: 4
Heap:
 PSYoungGen      total 23552K, used 15460K [0x00000000d5580000, 0x00000000d7000000, 0x0000000100000000)
  eden space 22016K, 63% used [0x00000000d5580000,0x00000000d6331310,0x00000000d6b00000)
  from space 1536K, 93% used [0x00000000d6e80000,0x00000000d6fe8000,0x00000000d7000000)
  to   space 2048K, 0% used [0x00000000d6c00000,0x00000000d6c00000,0x00000000d6e00000)
 ParOldGen       total 68608K, used 24271K [0x0000000080000000, 0x0000000084300000, 0x00000000d5580000)
  object space 68608K, 35% used [0x0000000080000000,0x00000000817b3fb0,0x0000000084300000)
 Metaspace       used 14547K, committed 15360K, reserved 1114112K
  class space    used 1310K, committed 1664K, reserved 1048576K
GC Heap History (20 events):
Event: 1.645 GC heap before
{Heap before GC invocations=7 (full 0):
 PSYoungGen      total 29696K, used 29542K [0x00000000d5580000, 0x00000000d7900000, 0x0000000100000000)
  eden space 24576K, 99% used [0x00000000d5580000,0x00000000d6d77030,0x00000000d6d80000)
  from space 5120K, 97% used [0x00000000d7400000,0x00000000d78e2928,0x00000000d7900000)
  to   space 5632K, 0% used [0x00000000d6e00000,0x00000000d6e00000,0x00000000d7380000)
 ParOldGen       total 68608K, used 8753K [0x0000000080000000, 0x0000000084300000, 0x00000000d5580000)
  object space 68608K, 12% used [0x0000000080000000,0x000000008088c488,0x0000000084300000)
 Metaspace       used 9242K, committed 9792K, reserved 1114112K
  class space    used 817K, committed 1088K, reserved 1048576K
}
Event: 1.659 GC heap after
{Heap after GC invocations=7 (full 0):
 PSYoungGen      total 28672K, used 4479K [0x00000000d5580000, 0x00000000d7700000, 0x0000000100000000)
  eden space 24064K, 0% used [0x00000000d5580000,0x00000000d5580000,0x00000000d6d00000)
  from space 4608K, 97% used [0x00000000d6e00000,0x00000000d725fdb0,0x00000000d7280000)
  to   space 4608K, 0% used [0x00000000d7280000,0x00000000d7280000,0x00000000d7700000)
 ParOldGen       total 68608K, used 10171K [0x0000000080000000, 0x0000000084300000, 0x00000000d5580000)
  object space 68608K, 14% used [0x0000000080000000,0x00000000809eeca0,0x0000000084300000)
 Metaspace       used 9242K, committed 9792K, reserved 1114112K
  class space    used 817K, committed 1088K, reserved 1048576K
}
Event: 1.742 GC heap before
{Heap before GC invocations=8 (full 0):
 PSYoungGen      total 28672K, used 28326K [0x00000000d5580000, 0x00000000d7700000, 0x0000000100000000)
  eden space 24064K, 99% used [0x00000000d5580000,0x00000000d6cc9e18,0x00000000d6d00000)
  from space 4608K, 97% used [0x00000000d6e00000,0x00000000d725fdb0,0x00000000d7280000)
  to   space 4608K, 0% used [0x00000000d7280000,0x00000000d7280000,0x00000000d7700000)
 ParOldGen       total 68608K, used 10171K [0x0000000080000000, 0x0000000084300000, 0x00000000d5580000)
  object space 68608K, 14% used [0x0000000080000000,0x00000000809eeca0,0x0000000084300000)
 Metaspace       used 10733K, committed 11328K, reserved 1114112K
  class space    used 948K, committed 1216K, reserved 1048576K
}
Event: 1.746 GC heap after
{Heap after GC invocations=8 (full 0):
 PSYoungGen      total 27136K, used 3382K [0x00000000d5580000, 0x00000000d7600000, 0x0000000100000000)
  eden space 23552K, 0% used [0x00000000d5580000,0x00000000d5580000,0x00000000d6c80000)
  from space 3584K, 94% used [0x00000000d7280000,0x00000000d75cd830,0x00000000d7600000)
  to   space 4096K, 0% used [0x00000000d6e00000,0x00000000d6e00000,0x00000000d7200000)
 ParOldGen       total 68608K, used 11187K [0x0000000080000000, 0x0000000084300000, 0x00000000d5580000)
  object space 68608K, 16% used [0x0000000080000000,0x0000000080aecfa8,0x0000000084300000)
 Metaspace       used 10733K, committed 11328K, reserved 1114112K
  class space    used 948K, committed 1216K, reserved 1048576K
}
Event: 1.832 GC heap before
{Heap before GC invocations=9 (full 0):
 PSYoungGen      total 27136K, used 26934K [0x00000000d5580000, 0x00000000d7600000, 0x0000000100000000)
  eden space 23552K, 100% used [0x00000000d5580000,0x00000000d6c80000,0x00000000d6c80000)
  from space 3584K, 94% used [0x00000000d7280000,0x00000000d75cd830,0x00000000d7600000)
  to   space 4096K, 0% used [0x00000000d6e00000,0x00000000d6e00000,0x00000000d7200000)
 ParOldGen       total 68608K, used 11187K [0x0000000080000000, 0x0000000084300000, 0x00000000d5580000)
  object space 68608K, 16% used [0x0000000080000000,0x0000000080aecfa8,0x0000000084300000)
 Metaspace       used 11116K, committed 11648K, reserved 1114112K
  class space    used 973K, committed 1216K, reserved 1048576K
}
Event: 1.838 GC heap after
{Heap after GC invocations=9 (full 0):
 PSYoungGen      total 26624K, used 3419K [0x00000000d5580000, 0x00000000d7300000, 0x0000000100000000)
  eden space 23040K, 0% used [0x00000000d5580000,0x00000000d5580000,0x00000000d6c00000)
  from space 3584K, 95% used [0x00000000d6e00000,0x00000000d7156d10,0x00000000d7180000)
  to   space 1536K, 0% used [0x00000000d7180000,0x00000000d7180000,0x00000000d7300000)
 ParOldGen       total 68608K, used 13646K [0x0000000080000000, 0x0000000084300000, 0x00000000d5580000)
  object space 68608K, 19% used [0x0000000080000000,0x0000000080d53bc8,0x0000000084300000)
 Metaspace       used 11116K, committed 11648K, reserved 1114112K
  class space    used 973K, committed 1216K, reserved 1048576K
}
Event: 1.993 GC heap before
{Heap before GC invocations=10 (full 0):
 PSYoungGen      total 26624K, used 26459K [0x00000000d5580000, 0x00000000d7300000, 0x0000000100000000)
  eden space 23040K, 100% used [0x00000000d5580000,0x00000000d6c00000,0x00000000d6c00000)
  from space 3584K, 95% used [0x00000000d6e00000,0x00000000d7156d10,0x00000000d7180000)
  to   space 1536K, 0% used [0x00000000d7180000,0x00000000d7180000,0x00000000d7300000)
 ParOldGen       total 68608K, used 13646K [0x0000000080000000, 0x0000000084300000, 0x00000000d5580000)
  object space 68608K, 19% used [0x0000000080000000,0x0000000080d53bc8,0x0000000084300000)
 Metaspace       used 11524K, committed 12096K, reserved 1114112K
  class space    used 1012K, committed 1280K, reserved 1048576K
}
Event: 2.002 GC heap after
{Heap after GC invocations=10 (full 0):
 PSYoungGen      total 24064K, used 1514K [0x00000000d5580000, 0x00000000d7680000, 0x0000000100000000)
  eden space 22528K, 0% used [0x00000000d5580000,0x00000000d5580000,0x00000000d6b80000)
  from space 1536K, 98% used [0x00000000d7180000,0x00000000d72fa870,0x00000000d7300000)
  to   space 5632K, 0% used [0x00000000d6b80000,0x00000000d6b80000,0x00000000d7100000)
 ParOldGen       total 68608K, used 17255K [0x0000000080000000, 0x0000000084300000, 0x00000000d5580000)
  object space 68608K, 25% used [0x0000000080000000,0x00000000810d9d20,0x0000000084300000)
 Metaspace       used 11524K, committed 12096K, reserved 1114112K
  class space    used 1012K, committed 1280K, reserved 1048576K
}
Event: 2.104 GC heap before
{Heap before GC invocations=11 (full 0):
 PSYoungGen      total 24064K, used 24042K [0x00000000d5580000, 0x00000000d7680000, 0x0000000100000000)
  eden space 22528K, 100% used [0x00000000d5580000,0x00000000d6b80000,0x00000000d6b80000)
  from space 1536K, 98% used [0x00000000d7180000,0x00000000d72fa870,0x00000000d7300000)
  to   space 5632K, 0% used [0x00000000d6b80000,0x00000000d6b80000,0x00000000d7100000)
 ParOldGen       total 68608K, used 17255K [0x0000000080000000, 0x0000000084300000, 0x00000000d5580000)
  object space 68608K, 25% used [0x0000000080000000,0x00000000810d9d20,0x0000000084300000)
 Metaspace       used 11785K, committed 12416K, reserved 1114112K
  class space    used 1043K, committed 1280K, reserved 1048576K
}
Event: 2.108 GC heap after
{Heap after GC invocations=11 (full 0):
 PSYoungGen      total 24064K, used 1632K [0x00000000d5580000, 0x00000000d7200000, 0x0000000100000000)
  eden space 22016K, 0% used [0x00000000d5580000,0x00000000d5580000,0x00000000d6b00000)
  from space 2048K, 79% used [0x00000000d6b80000,0x00000000d6d18000,0x00000000d6d80000)
  to   space 3072K, 0% used [0x00000000d6f00000,0x00000000d6f00000,0x00000000d7200000)
 ParOldGen       total 68608K, used 18757K [0x0000000080000000, 0x0000000084300000, 0x00000000d5580000)
  object space 68608K, 27% used [0x0000000080000000,0x0000000081251640,0x0000000084300000)
 Metaspace       used 11785K, committed 12416K, reserved 1114112K
  class space    used 1043K, committed 1280K, reserved 1048576K
}
Event: 2.191 GC heap before
{Heap before GC invocations=12 (full 0):
 PSYoungGen      total 24064K, used 23648K [0x00000000d5580000, 0x00000000d7200000, 0x0000000100000000)
  eden space 22016K, 100% used [0x00000000d5580000,0x00000000d6b00000,0x00000000d6b00000)
  from space 2048K, 79% used [0x00000000d6b80000,0x00000000d6d18000,0x00000000d6d80000)
  to   space 3072K, 0% used [0x00000000d6f00000,0x00000000d6f00000,0x00000000d7200000)
 ParOldGen       total 68608K, used 18757K [0x0000000080000000, 0x0000000084300000, 0x00000000d5580000)
  object space 68608K, 27% used [0x0000000080000000,0x0000000081251640,0x0000000084300000)
 Metaspace       used 12061K, committed 12736K, reserved 1114112K
  class space    used 1081K, committed 1344K, reserved 1048576K
}
Event: 2.199 GC heap after
{Heap after GC invocations=12 (full 0):
 PSYoungGen      total 23552K, used 1108K [0x00000000d5580000, 0x00000000d7080000, 0x0000000100000000)
  eden space 22016K, 0% used [0x00000000d5580000,0x00000000d5580000,0x00000000d6b00000)
  from space 1536K, 72% used [0x00000000d6f00000,0x00000000d70153f8,0x00000000d7080000)
  to   space 1536K, 0% used [0x00000000d6d80000,0x00000000d6d80000,0x00000000d6f00000)
 ParOldGen       total 68608K, used 20340K [0x0000000080000000, 0x0000000084300000, 0x00000000d5580000)
  object space 68608K, 29% used [0x0000000080000000,0x00000000813dd3e0,0x0000000084300000)
 Metaspace       used 12061K, committed 12736K, reserved 1114112K
  class space    used 1081K, committed 1344K, reserved 1048576K
}
Event: 2.348 GC heap before
{Heap before GC invocations=13 (full 0):
 PSYoungGen      total 23552K, used 23124K [0x00000000d5580000, 0x00000000d7080000, 0x0000000100000000)
  eden space 22016K, 100% used [0x00000000d5580000,0x00000000d6b00000,0x00000000d6b00000)
  from space 1536K, 72% used [0x00000000d6f00000,0x00000000d70153f8,0x00000000d7080000)
  to   space 1536K, 0% used [0x00000000d6d80000,0x00000000d6d80000,0x00000000d6f00000)
 ParOldGen       total 68608K, used 20340K [0x0000000080000000, 0x0000000084300000, 0x00000000d5580000)
  object space 68608K, 29% used [0x0000000080000000,0x00000000813dd3e0,0x0000000084300000)
 Metaspace       used 12384K, committed 13120K, reserved 1114112K
  class space    used 1106K, committed 1408K, reserved 1048576K
}
Event: 2.354 GC heap after
{Heap after GC invocations=13 (full 0):
 PSYoungGen      total 23040K, used 1024K [0x00000000d5580000, 0x00000000d6f80000, 0x0000000100000000)
  eden space 22016K, 0% used [0x00000000d5580000,0x00000000d5580000,0x00000000d6b00000)
  from space 1024K, 100% used [0x00000000d6d80000,0x00000000d6e80000,0x00000000d6e80000)
  to   space 1024K, 0% used [0x00000000d6e80000,0x00000000d6e80000,0x00000000d6f80000)
 ParOldGen       total 68608K, used 21075K [0x0000000080000000, 0x0000000084300000, 0x00000000d5580000)
  object space 68608K, 30% used [0x0000000080000000,0x0000000081494e20,0x0000000084300000)
 Metaspace       used 12384K, committed 13120K, reserved 1114112K
  class space    used 1106K, committed 1408K, reserved 1048576K
}
Event: 2.503 GC heap before
{Heap before GC invocations=14 (full 0):
 PSYoungGen      total 23040K, used 23040K [0x00000000d5580000, 0x00000000d6f80000, 0x0000000100000000)
  eden space 22016K, 100% used [0x00000000d5580000,0x00000000d6b00000,0x00000000d6b00000)
  from space 1024K, 100% used [0x00000000d6d80000,0x00000000d6e80000,0x00000000d6e80000)
  to   space 1024K, 0% used [0x00000000d6e80000,0x00000000d6e80000,0x00000000d6f80000)
 ParOldGen       total 68608K, used 21075K [0x0000000080000000, 0x0000000084300000, 0x00000000d5580000)
  object space 68608K, 30% used [0x0000000080000000,0x0000000081494e20,0x0000000084300000)
 Metaspace       used 12712K, committed 13376K, reserved 1114112K
  class space    used 1117K, committed 1408K, reserved 1048576K
}
Event: 2.509 GC heap after
{Heap after GC invocations=14 (full 0):
 PSYoungGen      total 23040K, used 895K [0x00000000d5580000, 0x00000000d6f80000, 0x0000000100000000)
  eden space 22016K, 0% used [0x00000000d5580000,0x00000000d5580000,0x00000000d6b00000)
  from space 1024K, 87% used [0x00000000d6e80000,0x00000000d6f5fd90,0x00000000d6f80000)
  to   space 1024K, 0% used [0x00000000d6d80000,0x00000000d6d80000,0x00000000d6e80000)
 ParOldGen       total 68608K, used 21935K [0x0000000080000000, 0x0000000084300000, 0x00000000d5580000)
  object space 68608K, 31% used [0x0000000080000000,0x000000008156bf28,0x0000000084300000)
 Metaspace       used 12712K, committed 13376K, reserved 1114112K
  class space    used 1117K, committed 1408K, reserved 1048576K
}
Event: 2.628 GC heap before
{Heap before GC invocations=15 (full 0):
 PSYoungGen      total 23040K, used 22911K [0x00000000d5580000, 0x00000000d6f80000, 0x0000000100000000)
  eden space 22016K, 100% used [0x00000000d5580000,0x00000000d6b00000,0x00000000d6b00000)
  from space 1024K, 87% used [0x00000000d6e80000,0x00000000d6f5fd90,0x00000000d6f80000)
  to   space 1024K, 0% used [0x00000000d6d80000,0x00000000d6d80000,0x00000000d6e80000)
 ParOldGen       total 68608K, used 21935K [0x0000000080000000, 0x0000000084300000, 0x00000000d5580000)
  object space 68608K, 31% used [0x0000000080000000,0x000000008156bf28,0x0000000084300000)
 Metaspace       used 13079K, committed 13824K, reserved 1114112K
  class space    used 1143K, committed 1472K, reserved 1048576K
}
Event: 2.632 GC heap after
{Heap after GC invocations=15 (full 0):
 PSYoungGen      total 23040K, used 1008K [0x00000000d5580000, 0x00000000d7100000, 0x0000000100000000)
  eden space 22016K, 0% used [0x00000000d5580000,0x00000000d5580000,0x00000000d6b00000)
  from space 1024K, 98% used [0x00000000d6d80000,0x00000000d6e7c030,0x00000000d6e80000)
  to   space 2560K, 0% used [0x00000000d6e80000,0x00000000d6e80000,0x00000000d7100000)
 ParOldGen       total 68608K, used 23319K [0x0000000080000000, 0x0000000084300000, 0x00000000d5580000)
  object space 68608K, 33% used [0x0000000080000000,0x00000000816c5f58,0x0000000084300000)
 Metaspace       used 13079K, committed 13824K, reserved 1114112K
  class space    used 1143K, committed 1472K, reserved 1048576K
}
Event: 2.902 GC heap before
{Heap before GC invocations=16 (full 0):
 PSYoungGen      total 23040K, used 23024K [0x00000000d5580000, 0x00000000d7100000, 0x0000000100000000)
  eden space 22016K, 100% used [0x00000000d5580000,0x00000000d6b00000,0x00000000d6b00000)
  from space 1024K, 98% used [0x00000000d6d80000,0x00000000d6e7c030,0x00000000d6e80000)
  to   space 2560K, 0% used [0x00000000d6e80000,0x00000000d6e80000,0x00000000d7100000)
 ParOldGen       total 68608K, used 23319K [0x0000000080000000, 0x0000000084300000, 0x00000000d5580000)
  object space 68608K, 33% used [0x0000000080000000,0x00000000816c5f58,0x0000000084300000)
 Metaspace       used 13973K, committed 14720K, reserved 1114112K
  class space    used 1255K, committed 1600K, reserved 1048576K
}
Event: 2.904 GC heap after
{Heap after GC invocations=16 (full 0):
 PSYoungGen      total 23552K, used 1440K [0x00000000d5580000, 0x00000000d7000000, 0x0000000100000000)
  eden space 22016K, 0% used [0x00000000d5580000,0x00000000d5580000,0x00000000d6b00000)
  from space 1536K, 93% used [0x00000000d6e80000,0x00000000d6fe8000,0x00000000d7000000)
  to   space 2048K, 0% used [0x00000000d6c00000,0x00000000d6c00000,0x00000000d6e00000)
 ParOldGen       total 68608K, used 24271K [0x0000000080000000, 0x0000000084300000, 0x00000000d5580000)
  object space 68608K, 35% used [0x0000000080000000,0x00000000817b3fb0,0x0000000084300000)
 Metaspace       used 13973K, committed 14720K, reserved 1114112K
  class space    used 1255K, committed 1600K, reserved 1048576K
}

